2026-05-08 19:42:32,435 - hne.spots_qc - INFO - Starting preprocessing patient: CH_L_282
2026-05-08 19:42:33,897 - hne.spots_qc - INFO - Patient CH_L_282 has 4114 tissue spots,0 spots with missing tumor fraction
2026-05-08 19:42:33,903 - hne.spots_qc - INFO - Created 42 initial tiles
2026-05-08 19:42:33,903 - hne.spots_qc - WARNING - Very few initial tiles created: 42
2026-05-08 19:42:33,909 - hne.spots_qc - INFO - Bayesian tile purtiy computed (k=2): mean=0.348
2026-05-08 19:42:33,932 - hne.spots_qc - INFO - Filtered from 42 to 19 tumor tiles
2026-05-08 19:42:33,932 - hne.spots_qc - INFO - [CH_L_282] tumor_filter: Found 19 tumor tiles
2026-05-08 19:43:40,805 - hne.spots_qc - INFO - Starting preprocessing patient: CH_L_282
2026-05-08 19:43:41,731 - hne.spots_qc - INFO - Patient CH_L_282 has 4114 tissue spots,0 spots with missing tumor fraction
2026-05-08 19:43:41,736 - hne.spots_qc - INFO - Created 42 initial tiles
2026-05-08 19:43:41,736 - hne.spots_qc - WARNING - Very few initial tiles created: 42
2026-05-08 19:43:41,740 - hne.spots_qc - INFO - Bayesian tile purtiy computed (k=2): mean=0.348
2026-05-08 19:43:41,755 - hne.spots_qc - INFO - Filtered from 42 to 19 tumor tiles
2026-05-08 19:43:41,755 - hne.spots_qc - INFO - [CH_L_282] tumor_filter: Found 19 tumor tiles
2026-05-08 19:46:19,945 - hne.spots_qc - INFO - Starting preprocessing patient: CH_L_282
2026-05-08 19:46:20,799 - hne.spots_qc - INFO - Patient CH_L_282 has 4114 tissue spots,0 spots with missing tumor fraction
2026-05-08 19:46:20,804 - hne.spots_qc - INFO - Created 42 initial tiles
2026-05-08 19:46:20,804 - hne.spots_qc - WARNING - Very few initial tiles created: 42
2026-05-08 19:46:20,808 - hne.spots_qc - INFO - Bayesian tile purtiy computed (k=2): mean=0.348
2026-05-08 19:46:20,822 - hne.spots_qc - INFO - Filtered from 42 to 19 tumor tiles
2026-05-08 19:46:20,823 - hne.spots_qc - INFO - [CH_L_282] tumor_filter: Found 19 tumor tiles
2026-05-08 19:46:45,705 - hne.spots_qc - INFO - Starting preprocessing patient: CH_L_282
2026-05-08 19:46:46,414 - hne.spots_qc - INFO - Patient CH_L_282 has 4114 tissue spots,0 spots with missing tumor fraction
2026-05-08 19:46:46,419 - hne.spots_qc - INFO - Created 42 initial tiles
2026-05-08 19:46:46,419 - hne.spots_qc - WARNING - Very few initial tiles created: 42
2026-05-08 19:46:46,424 - hne.spots_qc - INFO - Bayesian tile purtiy computed (k=2): mean=0.348
2026-05-08 19:46:46,436 - hne.spots_qc - INFO - Filtered from 42 to 19 tumor tiles
2026-05-08 19:46:46,436 - hne.spots_qc - INFO - [CH_L_282] tumor_filter: Found 19 tumor tiles
2026-05-08 19:47:51,850 - hne.spots_qc - INFO - Starting preprocessing patient: CH_L_282
2026-05-08 19:47:52,666 - hne.spots_qc - INFO - Patient CH_L_282 has 4114 tissue spots,0 spots with missing tumor fraction
2026-05-08 19:47:52,671 - hne.spots_qc - INFO - Created 42 initial tiles
2026-05-08 19:47:52,672 - hne.spots_qc - WARNING - Very few initial tiles created: 42
2026-05-08 19:47:52,676 - hne.spots_qc - INFO - Bayesian tile purtiy computed (k=2): mean=0.348
2026-05-08 19:47:52,692 - hne.spots_qc - INFO - Filtered from 42 to 19 tumor tiles
2026-05-08 19:47:52,692 - hne.spots_qc - INFO - [CH_L_282] tumor_filter: Found 19 tumor tiles
2026-05-08 19:50:35,582 - hne.spots_qc - INFO - Starting preprocessing patient: CH_L_282
2026-05-08 19:50:36,672 - hne.spots_qc - INFO - Patient CH_L_282 has 4114 tissue spots,0 spots with missing tumor fraction
2026-05-08 19:50:36,678 - hne.spots_qc - INFO - Created 42 initial tiles
2026-05-08 19:50:36,678 - hne.spots_qc - WARNING - Very few initial tiles created: 42
2026-05-08 19:50:36,683 - hne.spots_qc - INFO - Bayesian tile purtiy computed (k=2): mean=0.348
2026-05-08 19:50:36,705 - hne.spots_qc - INFO - Filtered from 42 to 19 tumor tiles
2026-05-08 19:50:36,706 - hne.spots_qc - INFO - [CH_L_282] tumor_filter: Found 19 tumor tiles
2026-05-08 20:57:05,684 - hne.spots_qc - INFO - Starting preprocessing patient: CH_L_282
2026-05-08 20:57:07,121 - hne.spots_qc - INFO - Patient CH_L_282 has 4114 tissue spots,0 spots with missing tumor fraction
2026-05-08 20:57:07,130 - hne.spots_qc - INFO - Created 42 initial tiles
2026-05-08 20:57:07,130 - hne.spots_qc - WARNING - Very few initial tiles created: 42
2026-05-08 20:57:07,139 - hne.spots_qc - INFO - Bayesian tile purtiy computed (k=2): mean=0.348
2026-05-08 20:57:07,162 - hne.spots_qc - INFO - Filtered from 42 to 19 tumor tiles
2026-05-08 20:57:07,162 - hne.spots_qc - INFO - [CH_L_282] tumor_filter: Found 19 tumor tiles
2026-05-08 20:57:07,248 - hne.spots_qc - INFO - Saved 1 tumor tiles for patient CH_L_282
2026-05-08 20:57:07,250 - hne.spots_qc - INFO - Saved 2 tumor tiles for patient CH_L_282
2026-05-08 20:57:07,252 - hne.spots_qc - INFO - Saved 3 tumor tiles for patient CH_L_282
2026-05-08 20:57:07,254 - hne.spots_qc - INFO - Saved 4 tumor tiles for patient CH_L_282
2026-05-08 20:57:07,256 - hne.spots_qc - INFO - Saved 5 tumor tiles for patient CH_L_282
2026-05-08 20:57:07,259 - hne.spots_qc - INFO - Saved 6 tumor tiles for patient CH_L_282
2026-05-08 20:57:07,261 - hne.spots_qc - INFO - Saved 7 tumor tiles for patient CH_L_282
2026-05-08 20:57:07,265 - hne.spots_qc - INFO - Saved 8 tumor tiles for patient CH_L_282
2026-05-08 20:57:07,267 - hne.spots_qc - INFO - Saved 9 tumor tiles for patient CH_L_282
2026-05-08 20:57:07,269 - hne.spots_qc - INFO - Saved 10 tumor tiles for patient CH_L_282
2026-05-08 20:57:07,271 - hne.spots_qc - INFO - Saved 11 tumor tiles for patient CH_L_282
2026-05-08 20:57:07,274 - hne.spots_qc - INFO - Saved 12 tumor tiles for patient CH_L_282
2026-05-08 20:57:07,277 - hne.spots_qc - INFO - Saved 13 tumor tiles for patient CH_L_282
2026-05-08 20:57:07,280 - hne.spots_qc - INFO - Saved 14 tumor tiles for patient CH_L_282
2026-05-08 20:57:07,284 - hne.spots_qc - INFO - Saved 15 tumor tiles for patient CH_L_282
2026-05-08 20:57:07,287 - hne.spots_qc - INFO - Saved 16 tumor tiles for patient CH_L_282
2026-05-08 20:57:07,290 - hne.spots_qc - INFO - Saved 17 tumor tiles for patient CH_L_282
2026-05-08 20:57:07,293 - hne.spots_qc - INFO - Saved 18 tumor tiles for patient CH_L_282
2026-05-08 20:57:07,296 - hne.spots_qc - INFO - Saved 19 tumor tiles for patient CH_L_282
2026-05-08 20:57:07,298 - hne.spots_qc - INFO - Genes kept per signature:
2026-05-08 20:57:07,298 - hne.spots_qc - INFO - FMRP_signature: 50/50 genes
2026-05-08 20:57:07,298 - hne.spots_qc - INFO - Cell_cycle_signature: 19/20 genes
2026-05-08 20:57:07,298 - hne.spots_qc - INFO - YAP_signature: 6/6 genes
2026-05-08 20:57:07,298 - hne.spots_qc - INFO - WNT_signature: 16/17 genes
2026-05-08 20:57:07,298 - hne.spots_qc - INFO - EMT_signature: 6/6 genes
2026-05-08 20:58:52,883 - hne.spots_qc - INFO - Starting preprocessing patient: CH_L_282
2026-05-08 20:58:54,005 - hne.spots_qc - INFO - Patient CH_L_282 has 4114 tissue spots,0 spots with missing tumor fraction
2026-05-08 20:58:54,008 - hne.spots_qc - INFO - Created 42 initial tiles
2026-05-08 20:58:54,009 - hne.spots_qc - WARNING - Very few initial tiles created: 42
2026-05-08 20:58:54,012 - hne.spots_qc - INFO - Bayesian tile purtiy computed (k=2): mean=0.348
2026-05-08 20:58:54,021 - hne.spots_qc - INFO - Filtered from 42 to 19 tumor tiles
2026-05-08 20:58:54,021 - hne.spots_qc - INFO - [CH_L_282] tumor_filter: Found 19 tumor tiles
2026-05-08 20:58:54,087 - hne.spots_qc - INFO - Saved 1 tumor tiles for patient CH_L_282
2026-05-08 20:58:54,090 - hne.spots_qc - INFO - Saved 2 tumor tiles for patient CH_L_282
2026-05-08 20:58:54,091 - hne.spots_qc - INFO - Saved 3 tumor tiles for patient CH_L_282
2026-05-08 20:58:54,093 - hne.spots_qc - INFO - Saved 4 tumor tiles for patient CH_L_282
2026-05-08 20:58:54,095 - hne.spots_qc - INFO - Saved 5 tumor tiles for patient CH_L_282
2026-05-08 20:58:54,097 - hne.spots_qc - INFO - Saved 6 tumor tiles for patient CH_L_282
2026-05-08 20:58:54,100 - hne.spots_qc - INFO - Saved 7 tumor tiles for patient CH_L_282
2026-05-08 20:58:54,102 - hne.spots_qc - INFO - Saved 8 tumor tiles for patient CH_L_282
2026-05-08 20:58:54,105 - hne.spots_qc - INFO - Saved 9 tumor tiles for patient CH_L_282
2026-05-08 20:58:54,107 - hne.spots_qc - INFO - Saved 10 tumor tiles for patient CH_L_282
2026-05-08 20:58:54,110 - hne.spots_qc - INFO - Saved 11 tumor tiles for patient CH_L_282
2026-05-08 20:58:54,113 - hne.spots_qc - INFO - Saved 12 tumor tiles for patient CH_L_282
2026-05-08 20:58:54,115 - hne.spots_qc - INFO - Saved 13 tumor tiles for patient CH_L_282
2026-05-08 20:58:54,118 - hne.spots_qc - INFO - Saved 14 tumor tiles for patient CH_L_282
2026-05-08 20:58:54,121 - hne.spots_qc - INFO - Saved 15 tumor tiles for patient CH_L_282
2026-05-08 20:58:54,124 - hne.spots_qc - INFO - Saved 16 tumor tiles for patient CH_L_282
2026-05-08 20:58:54,127 - hne.spots_qc - INFO - Saved 17 tumor tiles for patient CH_L_282
2026-05-08 20:58:54,130 - hne.spots_qc - INFO - Saved 18 tumor tiles for patient CH_L_282
2026-05-08 20:58:54,132 - hne.spots_qc - INFO - Saved 19 tumor tiles for patient CH_L_282
2026-05-08 20:58:54,134 - hne.spots_qc - INFO - Genes kept per signature:
2026-05-08 20:58:54,135 - hne.spots_qc - INFO - FMRP_signature: 50/50 genes
2026-05-08 20:58:54,135 - hne.spots_qc - INFO - Cell_cycle_signature: 19/20 genes
2026-05-08 20:58:54,135 - hne.spots_qc - INFO - YAP_signature: 6/6 genes
2026-05-08 20:58:54,135 - hne.spots_qc - INFO - WNT_signature: 16/17 genes
2026-05-08 20:58:54,135 - hne.spots_qc - INFO - EMT_signature: 6/6 genes
2026-05-08 21:00:53,768 - hne.spots_qc - INFO - Starting preprocessing patient: CH_L_282
2026-05-08 21:00:54,519 - hne.spots_qc - INFO - Patient CH_L_282 has 4114 tissue spots,0 spots with missing tumor fraction
2026-05-08 21:00:54,524 - hne.spots_qc - INFO - Created 42 initial tiles
2026-05-08 21:00:54,524 - hne.spots_qc - WARNING - Very few initial tiles created: 42
2026-05-08 21:00:54,529 - hne.spots_qc - INFO - Bayesian tile purtiy computed (k=2): mean=0.348
2026-05-08 21:00:54,542 - hne.spots_qc - INFO - Filtered from 42 to 19 tumor tiles
2026-05-08 21:00:54,543 - hne.spots_qc - INFO - [CH_L_282] tumor_filter: Found 19 tumor tiles
2026-05-08 21:00:54,610 - hne.spots_qc - INFO - Saved 1 tumor tiles for patient CH_L_282
2026-05-08 21:00:54,612 - hne.spots_qc - INFO - Saved 2 tumor tiles for patient CH_L_282
2026-05-08 21:00:54,615 - hne.spots_qc - INFO - Saved 3 tumor tiles for patient CH_L_282
2026-05-08 21:00:54,618 - hne.spots_qc - INFO - Saved 4 tumor tiles for patient CH_L_282
2026-05-08 21:00:54,620 - hne.spots_qc - INFO - Saved 5 tumor tiles for patient CH_L_282
2026-05-08 21:00:54,623 - hne.spots_qc - INFO - Saved 6 tumor tiles for patient CH_L_282
2026-05-08 21:00:54,627 - hne.spots_qc - INFO - Saved 7 tumor tiles for patient CH_L_282
2026-05-08 21:00:54,630 - hne.spots_qc - INFO - Saved 8 tumor tiles for patient CH_L_282
2026-05-08 21:00:54,633 - hne.spots_qc - INFO - Saved 9 tumor tiles for patient CH_L_282
2026-05-08 21:00:54,638 - hne.spots_qc - INFO - Saved 10 tumor tiles for patient CH_L_282
2026-05-08 21:00:54,641 - hne.spots_qc - INFO - Saved 11 tumor tiles for patient CH_L_282
2026-05-08 21:00:54,645 - hne.spots_qc - INFO - Saved 12 tumor tiles for patient CH_L_282
2026-05-08 21:00:54,648 - hne.spots_qc - INFO - Saved 13 tumor tiles for patient CH_L_282
2026-05-08 21:00:54,650 - hne.spots_qc - INFO - Saved 14 tumor tiles for patient CH_L_282
2026-05-08 21:00:54,656 - hne.spots_qc - INFO - Saved 15 tumor tiles for patient CH_L_282
2026-05-08 21:00:54,660 - hne.spots_qc - INFO - Saved 16 tumor tiles for patient CH_L_282
2026-05-08 21:00:54,664 - hne.spots_qc - INFO - Saved 17 tumor tiles for patient CH_L_282
2026-05-08 21:00:54,667 - hne.spots_qc - INFO - Saved 18 tumor tiles for patient CH_L_282
2026-05-08 21:00:54,670 - hne.spots_qc - INFO - Saved 19 tumor tiles for patient CH_L_282
2026-05-08 21:00:54,672 - hne.spots_qc - INFO - Genes kept per signature:
2026-05-08 21:00:54,672 - hne.spots_qc - INFO - FMRP_signature: 50/50 genes
2026-05-08 21:00:54,672 - hne.spots_qc - INFO - Cell_cycle_signature: 19/20 genes
2026-05-08 21:00:54,673 - hne.spots_qc - INFO - YAP_signature: 6/6 genes
2026-05-08 21:00:54,673 - hne.spots_qc - INFO - WNT_signature: 16/17 genes
2026-05-08 21:00:54,673 - hne.spots_qc - INFO - EMT_signature: 6/6 genes
2026-05-08 21:03:36,590 - hne.spots_qc - INFO - Starting preprocessing patient: CH_L_282
2026-05-08 21:03:37,608 - hne.spots_qc - INFO - Patient CH_L_282 has 4114 tissue spots,0 spots with missing tumor fraction
2026-05-08 21:03:37,612 - hne.spots_qc - INFO - Created 42 initial tiles
2026-05-08 21:03:37,613 - hne.spots_qc - WARNING - Very few initial tiles created: 42
2026-05-08 21:03:37,617 - hne.spots_qc - INFO - Bayesian tile purtiy computed (k=2): mean=0.348
2026-05-08 21:03:37,630 - hne.spots_qc - INFO - Filtered from 42 to 19 tumor tiles
2026-05-08 21:03:37,630 - hne.spots_qc - INFO - [CH_L_282] tumor_filter: Found 19 tumor tiles
2026-05-08 21:03:37,703 - hne.spots_qc - INFO - Saved 1 tumor tiles for patient CH_L_282
2026-05-08 21:03:37,705 - hne.spots_qc - INFO - Saved 2 tumor tiles for patient CH_L_282
2026-05-08 21:03:37,708 - hne.spots_qc - INFO - Saved 3 tumor tiles for patient CH_L_282
2026-05-08 21:03:37,710 - hne.spots_qc - INFO - Saved 4 tumor tiles for patient CH_L_282
2026-05-08 21:03:37,712 - hne.spots_qc - INFO - Saved 5 tumor tiles for patient CH_L_282
2026-05-08 21:03:37,714 - hne.spots_qc - INFO - Saved 6 tumor tiles for patient CH_L_282
2026-05-08 21:03:37,718 - hne.spots_qc - INFO - Saved 7 tumor tiles for patient CH_L_282
2026-05-08 21:03:37,722 - hne.spots_qc - INFO - Saved 8 tumor tiles for patient CH_L_282
2026-05-08 21:03:37,726 - hne.spots_qc - INFO - Saved 9 tumor tiles for patient CH_L_282
2026-05-08 21:03:37,729 - hne.spots_qc - INFO - Saved 10 tumor tiles for patient CH_L_282
2026-05-08 21:03:37,732 - hne.spots_qc - INFO - Saved 11 tumor tiles for patient CH_L_282
2026-05-08 21:03:37,736 - hne.spots_qc - INFO - Saved 12 tumor tiles for patient CH_L_282
2026-05-08 21:03:37,739 - hne.spots_qc - INFO - Saved 13 tumor tiles for patient CH_L_282
2026-05-08 21:03:37,742 - hne.spots_qc - INFO - Saved 14 tumor tiles for patient CH_L_282
2026-05-08 21:03:37,745 - hne.spots_qc - INFO - Saved 15 tumor tiles for patient CH_L_282
2026-05-08 21:03:37,748 - hne.spots_qc - INFO - Saved 16 tumor tiles for patient CH_L_282
2026-05-08 21:03:37,752 - hne.spots_qc - INFO - Saved 17 tumor tiles for patient CH_L_282
2026-05-08 21:03:37,754 - hne.spots_qc - INFO - Saved 18 tumor tiles for patient CH_L_282
2026-05-08 21:03:37,757 - hne.spots_qc - INFO - Saved 19 tumor tiles for patient CH_L_282
2026-05-08 21:03:37,760 - hne.spots_qc - INFO - Genes kept per signature:
2026-05-08 21:03:37,760 - hne.spots_qc - INFO - FMRP_signature: 50/50 genes
2026-05-08 21:03:37,760 - hne.spots_qc - INFO - Cell_cycle_signature: 19/20 genes
2026-05-08 21:03:37,761 - hne.spots_qc - INFO - YAP_signature: 6/6 genes
2026-05-08 21:03:37,761 - hne.spots_qc - INFO - WNT_signature: 16/17 genes
2026-05-08 21:03:37,761 - hne.spots_qc - INFO - EMT_signature: 6/6 genes
2026-05-08 21:03:53,971 - hne.spots_qc - INFO - Starting preprocessing patient: CH_L_282
2026-05-08 21:03:54,886 - hne.spots_qc - INFO - Patient CH_L_282 has 4114 tissue spots,0 spots with missing tumor fraction
2026-05-08 21:03:54,889 - hne.spots_qc - INFO - Created 42 initial tiles
2026-05-08 21:03:54,889 - hne.spots_qc - WARNING - Very few initial tiles created: 42
2026-05-08 21:03:54,892 - hne.spots_qc - INFO - Bayesian tile purtiy computed (k=2): mean=0.348
2026-05-08 21:03:54,904 - hne.spots_qc - INFO - Filtered from 42 to 19 tumor tiles
2026-05-08 21:03:54,904 - hne.spots_qc - INFO - [CH_L_282] tumor_filter: Found 19 tumor tiles
2026-05-08 21:03:54,963 - hne.spots_qc - INFO - Saved 1 tumor tiles for patient CH_L_282
2026-05-08 21:03:54,965 - hne.spots_qc - INFO - Saved 2 tumor tiles for patient CH_L_282
2026-05-08 21:03:54,967 - hne.spots_qc - INFO - Saved 3 tumor tiles for patient CH_L_282
2026-05-08 21:03:54,969 - hne.spots_qc - INFO - Saved 4 tumor tiles for patient CH_L_282
2026-05-08 21:03:54,972 - hne.spots_qc - INFO - Saved 5 tumor tiles for patient CH_L_282
2026-05-08 21:03:54,974 - hne.spots_qc - INFO - Saved 6 tumor tiles for patient CH_L_282
2026-05-08 21:03:54,977 - hne.spots_qc - INFO - Saved 7 tumor tiles for patient CH_L_282
2026-05-08 21:03:54,979 - hne.spots_qc - INFO - Saved 8 tumor tiles for patient CH_L_282
2026-05-08 21:03:54,981 - hne.spots_qc - INFO - Saved 9 tumor tiles for patient CH_L_282
2026-05-08 21:03:54,984 - hne.spots_qc - INFO - Saved 10 tumor tiles for patient CH_L_282
2026-05-08 21:03:54,987 - hne.spots_qc - INFO - Saved 11 tumor tiles for patient CH_L_282
2026-05-08 21:03:54,990 - hne.spots_qc - INFO - Saved 12 tumor tiles for patient CH_L_282
2026-05-08 21:03:54,993 - hne.spots_qc - INFO - Saved 13 tumor tiles for patient CH_L_282
2026-05-08 21:03:54,995 - hne.spots_qc - INFO - Saved 14 tumor tiles for patient CH_L_282
2026-05-08 21:03:54,996 - hne.spots_qc - INFO - Saved 15 tumor tiles for patient CH_L_282
2026-05-08 21:03:55,000 - hne.spots_qc - INFO - Saved 16 tumor tiles for patient CH_L_282
2026-05-08 21:03:55,003 - hne.spots_qc - INFO - Saved 17 tumor tiles for patient CH_L_282
2026-05-08 21:03:55,005 - hne.spots_qc - INFO - Saved 18 tumor tiles for patient CH_L_282
2026-05-08 21:03:55,008 - hne.spots_qc - INFO - Saved 19 tumor tiles for patient CH_L_282
2026-05-08 21:03:55,010 - hne.spots_qc - INFO - Genes kept per signature:
2026-05-08 21:03:55,010 - hne.spots_qc - INFO - FMRP_signature: 50/50 genes
2026-05-08 21:03:55,010 - hne.spots_qc - INFO - Cell_cycle_signature: 19/20 genes
2026-05-08 21:03:55,011 - hne.spots_qc - INFO - YAP_signature: 6/6 genes
2026-05-08 21:03:55,011 - hne.spots_qc - INFO - WNT_signature: 16/17 genes
2026-05-08 21:03:55,011 - hne.spots_qc - INFO - EMT_signature: 6/6 genes
2026-05-08 21:06:34,431 - hne.spots_qc - INFO - Starting preprocessing patient: CH_L_282
2026-05-08 21:06:35,349 - hne.spots_qc - INFO - Patient CH_L_282 has 4114 tissue spots,0 spots with missing tumor fraction
2026-05-08 21:06:35,352 - hne.spots_qc - INFO - Created 42 initial tiles
2026-05-08 21:06:35,353 - hne.spots_qc - WARNING - Very few initial tiles created: 42
2026-05-08 21:06:35,355 - hne.spots_qc - INFO - Bayesian tile purtiy computed (k=2): mean=0.348
2026-05-08 21:06:35,367 - hne.spots_qc - INFO - Filtered from 42 to 19 tumor tiles
2026-05-08 21:06:35,367 - hne.spots_qc - INFO - [CH_L_282] tumor_filter: Found 19 tumor tiles
2026-05-08 21:06:35,431 - hne.spots_qc - INFO - Saved 1 tumor tiles for patient CH_L_282
2026-05-08 21:06:35,434 - hne.spots_qc - INFO - Saved 2 tumor tiles for patient CH_L_282
2026-05-08 21:06:35,436 - hne.spots_qc - INFO - Saved 3 tumor tiles for patient CH_L_282
2026-05-08 21:06:35,438 - hne.spots_qc - INFO - Saved 4 tumor tiles for patient CH_L_282
2026-05-08 21:06:35,441 - hne.spots_qc - INFO - Saved 5 tumor tiles for patient CH_L_282
2026-05-08 21:06:35,443 - hne.spots_qc - INFO - Saved 6 tumor tiles for patient CH_L_282
2026-05-08 21:06:35,445 - hne.spots_qc - INFO - Saved 7 tumor tiles for patient CH_L_282
2026-05-08 21:06:35,449 - hne.spots_qc - INFO - Saved 8 tumor tiles for patient CH_L_282
2026-05-08 21:06:35,451 - hne.spots_qc - INFO - Saved 9 tumor tiles for patient CH_L_282
2026-05-08 21:06:35,455 - hne.spots_qc - INFO - Saved 10 tumor tiles for patient CH_L_282
2026-05-08 21:06:35,458 - hne.spots_qc - INFO - Saved 11 tumor tiles for patient CH_L_282
2026-05-08 21:06:35,462 - hne.spots_qc - INFO - Saved 12 tumor tiles for patient CH_L_282
2026-05-08 21:06:35,465 - hne.spots_qc - INFO - Saved 13 tumor tiles for patient CH_L_282
2026-05-08 21:06:35,468 - hne.spots_qc - INFO - Saved 14 tumor tiles for patient CH_L_282
2026-05-08 21:06:35,470 - hne.spots_qc - INFO - Saved 15 tumor tiles for patient CH_L_282
2026-05-08 21:06:35,474 - hne.spots_qc - INFO - Saved 16 tumor tiles for patient CH_L_282
2026-05-08 21:06:35,477 - hne.spots_qc - INFO - Saved 17 tumor tiles for patient CH_L_282
2026-05-08 21:06:35,480 - hne.spots_qc - INFO - Saved 18 tumor tiles for patient CH_L_282
2026-05-08 21:06:35,484 - hne.spots_qc - INFO - Saved 19 tumor tiles for patient CH_L_282
2026-05-08 21:06:35,486 - hne.spots_qc - INFO - Genes kept per signature:
2026-05-08 21:06:35,486 - hne.spots_qc - INFO - FMRP_signature: 50/50 genes
2026-05-08 21:06:35,486 - hne.spots_qc - INFO - Cell_cycle_signature: 19/20 genes
2026-05-08 21:06:35,486 - hne.spots_qc - INFO - YAP_signature: 6/6 genes
2026-05-08 21:06:35,486 - hne.spots_qc - INFO - WNT_signature: 16/17 genes
2026-05-08 21:06:35,486 - hne.spots_qc - INFO - EMT_signature: 6/6 genes
2026-05-08 21:07:26,712 - hne.spots_qc - INFO - Starting preprocessing patient: CH_L_282
2026-05-08 21:07:27,305 - hne.spots_qc - INFO - Patient CH_L_282 has 4114 tissue spots,0 spots with missing tumor fraction
2026-05-08 21:07:27,309 - hne.spots_qc - INFO - Created 42 initial tiles
2026-05-08 21:07:27,309 - hne.spots_qc - WARNING - Very few initial tiles created: 42
2026-05-08 21:07:27,312 - hne.spots_qc - INFO - Bayesian tile purtiy computed (k=2): mean=0.348
2026-05-08 21:07:27,320 - hne.spots_qc - INFO - Filtered from 42 to 19 tumor tiles
2026-05-08 21:07:27,320 - hne.spots_qc - INFO - [CH_L_282] tumor_filter: Found 19 tumor tiles
2026-05-08 21:07:58,066 - hne.spots_qc - INFO - Starting preprocessing patient: CH_L_282
2026-05-08 21:07:58,608 - hne.spots_qc - INFO - Patient CH_L_282 has 4114 tissue spots,0 spots with missing tumor fraction
2026-05-08 21:07:58,614 - hne.spots_qc - INFO - Created 42 initial tiles
2026-05-08 21:07:58,614 - hne.spots_qc - WARNING - Very few initial tiles created: 42
2026-05-08 21:07:58,619 - hne.spots_qc - INFO - Bayesian tile purtiy computed (k=2): mean=0.348
2026-05-08 21:07:58,632 - hne.spots_qc - INFO - Filtered from 42 to 19 tumor tiles
2026-05-08 21:07:58,633 - hne.spots_qc - INFO - [CH_L_282] tumor_filter: Found 19 tumor tiles
2026-05-08 21:08:26,507 - hne.spots_qc - INFO - Starting preprocessing patient: CH_L_282
2026-05-08 21:08:27,193 - hne.spots_qc - INFO - Patient CH_L_282 has 4114 tissue spots,0 spots with missing tumor fraction
2026-05-08 21:08:27,196 - hne.spots_qc - INFO - Created 42 initial tiles
2026-05-08 21:08:27,196 - hne.spots_qc - WARNING - Very few initial tiles created: 42
2026-05-08 21:08:27,199 - hne.spots_qc - INFO - Bayesian tile purtiy computed (k=2): mean=0.348
2026-05-08 21:08:27,206 - hne.spots_qc - INFO - Filtered from 42 to 19 tumor tiles
2026-05-08 21:08:27,206 - hne.spots_qc - INFO - [CH_L_282] tumor_filter: Found 19 tumor tiles
2026-05-08 21:08:27,263 - hne.spots_qc - INFO - Saved 1 tumor tiles for patient CH_L_282
2026-05-08 21:08:27,265 - hne.spots_qc - INFO - Saved 2 tumor tiles for patient CH_L_282
2026-05-08 21:08:27,267 - hne.spots_qc - INFO - Saved 3 tumor tiles for patient CH_L_282
2026-05-08 21:08:27,269 - hne.spots_qc - INFO - Saved 4 tumor tiles for patient CH_L_282
2026-05-08 21:08:27,272 - hne.spots_qc - INFO - Saved 5 tumor tiles for patient CH_L_282
2026-05-08 21:08:27,274 - hne.spots_qc - INFO - Saved 6 tumor tiles for patient CH_L_282
2026-05-08 21:08:27,277 - hne.spots_qc - INFO - Saved 7 tumor tiles for patient CH_L_282
2026-05-08 21:08:27,279 - hne.spots_qc - INFO - Saved 8 tumor tiles for patient CH_L_282
2026-05-08 21:08:27,282 - hne.spots_qc - INFO - Saved 9 tumor tiles for patient CH_L_282
2026-05-08 21:08:27,284 - hne.spots_qc - INFO - Saved 10 tumor tiles for patient CH_L_282
2026-05-08 21:08:27,287 - hne.spots_qc - INFO - Saved 11 tumor tiles for patient CH_L_282
2026-05-08 21:08:27,289 - hne.spots_qc - INFO - Saved 12 tumor tiles for patient CH_L_282
2026-05-08 21:08:27,291 - hne.spots_qc - INFO - Saved 13 tumor tiles for patient CH_L_282
2026-05-08 21:08:27,293 - hne.spots_qc - INFO - Saved 14 tumor tiles for patient CH_L_282
2026-05-08 21:08:27,296 - hne.spots_qc - INFO - Saved 15 tumor tiles for patient CH_L_282
2026-05-08 21:08:27,299 - hne.spots_qc - INFO - Saved 16 tumor tiles for patient CH_L_282
2026-05-08 21:08:27,302 - hne.spots_qc - INFO - Saved 17 tumor tiles for patient CH_L_282
2026-05-08 21:08:27,304 - hne.spots_qc - INFO - Saved 18 tumor tiles for patient CH_L_282
2026-05-08 21:08:27,307 - hne.spots_qc - INFO - Saved 19 tumor tiles for patient CH_L_282
2026-05-08 21:08:27,308 - hne.spots_qc - INFO - Genes kept per signature:
2026-05-08 21:08:27,308 - hne.spots_qc - INFO - FMRP_signature: 50/50 genes
2026-05-08 21:08:27,309 - hne.spots_qc - INFO - Cell_cycle_signature: 19/20 genes
2026-05-08 21:08:27,309 - hne.spots_qc - INFO - YAP_signature: 6/6 genes
2026-05-08 21:08:27,309 - hne.spots_qc - INFO - WNT_signature: 16/17 genes
2026-05-08 21:08:27,309 - hne.spots_qc - INFO - EMT_signature: 6/6 genes
2026-05-08 21:08:53,316 - hne.spots_qc - INFO - Starting preprocessing patient: CH_L_282
2026-05-08 21:08:53,837 - hne.spots_qc - INFO - Patient CH_L_282 has 4114 tissue spots,0 spots with missing tumor fraction
2026-05-08 21:08:53,841 - hne.spots_qc - INFO - Created 42 initial tiles
2026-05-08 21:08:53,841 - hne.spots_qc - WARNING - Very few initial tiles created: 42
2026-05-08 21:08:53,845 - hne.spots_qc - INFO - Bayesian tile purtiy computed (k=2): mean=0.348
2026-05-08 21:08:53,856 - hne.spots_qc - INFO - Filtered from 42 to 19 tumor tiles
2026-05-08 21:08:53,856 - hne.spots_qc - INFO - [CH_L_282] tumor_filter: Found 19 tumor tiles
2026-05-08 21:08:53,918 - hne.spots_qc - INFO - Saved 1 tumor tiles for patient CH_L_282
2026-05-08 21:08:53,920 - hne.spots_qc - INFO - Saved 2 tumor tiles for patient CH_L_282
2026-05-08 21:08:53,922 - hne.spots_qc - INFO - Saved 3 tumor tiles for patient CH_L_282
2026-05-08 21:08:53,924 - hne.spots_qc - INFO - Saved 4 tumor tiles for patient CH_L_282
2026-05-08 21:08:53,926 - hne.spots_qc - INFO - Saved 5 tumor tiles for patient CH_L_282
2026-05-08 21:08:53,928 - hne.spots_qc - INFO - Saved 6 tumor tiles for patient CH_L_282
2026-05-08 21:08:53,930 - hne.spots_qc - INFO - Saved 7 tumor tiles for patient CH_L_282
2026-05-08 21:08:53,933 - hne.spots_qc - INFO - Saved 8 tumor tiles for patient CH_L_282
2026-05-08 21:08:53,935 - hne.spots_qc - INFO - Saved 9 tumor tiles for patient CH_L_282
2026-05-08 21:08:53,937 - hne.spots_qc - INFO - Saved 10 tumor tiles for patient CH_L_282
2026-05-08 21:08:53,939 - hne.spots_qc - INFO - Saved 11 tumor tiles for patient CH_L_282
2026-05-08 21:08:53,942 - hne.spots_qc - INFO - Saved 12 tumor tiles for patient CH_L_282
2026-05-08 21:08:53,945 - hne.spots_qc - INFO - Saved 13 tumor tiles for patient CH_L_282
2026-05-08 21:08:53,947 - hne.spots_qc - INFO - Saved 14 tumor tiles for patient CH_L_282
2026-05-08 21:08:53,952 - hne.spots_qc - INFO - Saved 15 tumor tiles for patient CH_L_282
2026-05-08 21:08:53,955 - hne.spots_qc - INFO - Saved 16 tumor tiles for patient CH_L_282
2026-05-08 21:08:53,957 - hne.spots_qc - INFO - Saved 17 tumor tiles for patient CH_L_282
2026-05-08 21:08:53,958 - hne.spots_qc - INFO - Saved 18 tumor tiles for patient CH_L_282
2026-05-08 21:08:53,960 - hne.spots_qc - INFO - Saved 19 tumor tiles for patient CH_L_282
2026-05-08 21:08:53,961 - hne.spots_qc - INFO - Genes kept per signature:
2026-05-08 21:08:53,962 - hne.spots_qc - INFO - FMRP_signature: 50/50 genes
2026-05-08 21:08:53,962 - hne.spots_qc - INFO - Cell_cycle_signature: 19/20 genes
2026-05-08 21:08:53,962 - hne.spots_qc - INFO - YAP_signature: 6/6 genes
2026-05-08 21:08:53,962 - hne.spots_qc - INFO - WNT_signature: 16/17 genes
2026-05-08 21:08:53,962 - hne.spots_qc - INFO - EMT_signature: 6/6 genes
2026-05-08 21:09:41,868 - hne.spots_qc - INFO - Starting preprocessing patient: CH_L_282
2026-05-08 21:09:42,502 - hne.spots_qc - INFO - Patient CH_L_282 has 4114 tissue spots,0 spots with missing tumor fraction
2026-05-08 21:09:42,506 - hne.spots_qc - INFO - Created 42 initial tiles
2026-05-08 21:09:42,506 - hne.spots_qc - WARNING - Very few initial tiles created: 42
2026-05-08 21:09:42,510 - hne.spots_qc - INFO - Bayesian tile purtiy computed (k=2): mean=0.348
2026-05-08 21:09:42,518 - hne.spots_qc - INFO - Filtered from 42 to 19 tumor tiles
2026-05-08 21:09:42,519 - hne.spots_qc - INFO - [CH_L_282] tumor_filter: Found 19 tumor tiles
2026-05-08 21:09:42,574 - hne.spots_qc - INFO - Saved 1 tumor tiles for patient CH_L_282
2026-05-08 21:09:42,576 - hne.spots_qc - INFO - Saved 2 tumor tiles for patient CH_L_282
2026-05-08 21:09:42,578 - hne.spots_qc - INFO - Saved 3 tumor tiles for patient CH_L_282
2026-05-08 21:09:42,579 - hne.spots_qc - INFO - Saved 4 tumor tiles for patient CH_L_282
2026-05-08 21:09:42,581 - hne.spots_qc - INFO - Saved 5 tumor tiles for patient CH_L_282
2026-05-08 21:09:42,583 - hne.spots_qc - INFO - Saved 6 tumor tiles for patient CH_L_282
2026-05-08 21:09:42,587 - hne.spots_qc - INFO - Saved 7 tumor tiles for patient CH_L_282
2026-05-08 21:09:42,589 - hne.spots_qc - INFO - Saved 8 tumor tiles for patient CH_L_282
2026-05-08 21:09:42,591 - hne.spots_qc - INFO - Saved 9 tumor tiles for patient CH_L_282
2026-05-08 21:09:42,594 - hne.spots_qc - INFO - Saved 10 tumor tiles for patient CH_L_282
2026-05-08 21:09:42,597 - hne.spots_qc - INFO - Saved 11 tumor tiles for patient CH_L_282
2026-05-08 21:09:42,599 - hne.spots_qc - INFO - Saved 12 tumor tiles for patient CH_L_282
2026-05-08 21:09:42,602 - hne.spots_qc - INFO - Saved 13 tumor tiles for patient CH_L_282
2026-05-08 21:09:42,604 - hne.spots_qc - INFO - Saved 14 tumor tiles for patient CH_L_282
2026-05-08 21:09:42,606 - hne.spots_qc - INFO - Saved 15 tumor tiles for patient CH_L_282
2026-05-08 21:09:42,608 - hne.spots_qc - INFO - Saved 16 tumor tiles for patient CH_L_282
2026-05-08 21:09:42,610 - hne.spots_qc - INFO - Saved 17 tumor tiles for patient CH_L_282
2026-05-08 21:09:42,612 - hne.spots_qc - INFO - Saved 18 tumor tiles for patient CH_L_282
2026-05-08 21:09:42,614 - hne.spots_qc - INFO - Saved 19 tumor tiles for patient CH_L_282
2026-05-08 21:09:42,615 - hne.spots_qc - INFO - Genes kept per signature:
2026-05-08 21:09:42,615 - hne.spots_qc - INFO - FMRP_signature: 50/50 genes
2026-05-08 21:09:42,615 - hne.spots_qc - INFO - Cell_cycle_signature: 19/20 genes
2026-05-08 21:09:42,615 - hne.spots_qc - INFO - YAP_signature: 6/6 genes
2026-05-08 21:09:42,615 - hne.spots_qc - INFO - WNT_signature: 16/17 genes
2026-05-08 21:09:42,615 - hne.spots_qc - INFO - EMT_signature: 6/6 genes
2026-05-08 21:09:43,783 - hne.spots_qc - INFO - Saved variation plot to /home/hany/projects/hne/HNE_repo/qc_reports/preprocessing_qc/single_patient/signature_variation_CH_L_282.png
2026-05-08 21:09:44,887 - hne.spots_qc - INFO - Saved signature distribution plot to /home/hany/projects/hne/HNE_repo/qc_reports/preprocessing_qc/single_patient/signature_distribution_CH_L_282.png
2026-05-08 21:09:45,662 - hne.spots_qc - INFO - Saved sparsity plot to /home/hany/projects/hne/HNE_repo/qc_reports/preprocessing_qc/single_patient/signature_sparsity_CH_L_282.png
2026-05-08 21:09:47,459 - hne.spots_qc - INFO - Saved signature correlation plot to /home/hany/projects/hne/HNE_repo/qc_reports/preprocessing_qc/single_patient/signature_correlation_CH_L_282.png
2026-05-08 21:09:47,460 - hne.spots_qc - INFO - Completed preprocessing for CH_L_282.
2026-05-08 21:12:48,232 - hne.spots_qc - INFO - Starting preprocessing patient: CH_L_282
2026-05-08 21:12:49,117 - hne.spots_qc - INFO - Patient CH_L_282 has 4114 tissue spots,0 spots with missing tumor fraction
2026-05-08 21:12:49,123 - hne.spots_qc - INFO - Created 42 initial tiles
2026-05-08 21:12:49,123 - hne.spots_qc - WARNING - Very few initial tiles created: 42
2026-05-08 21:12:49,129 - hne.spots_qc - INFO - Bayesian tile purtiy computed (k=2): mean=0.348
2026-05-08 21:12:49,150 - hne.spots_qc - INFO - Filtered from 42 to 19 tumor tiles
2026-05-08 21:12:49,150 - hne.spots_qc - INFO - [CH_L_282] tumor_filter: Found 19 tumor tiles
2026-05-08 21:12:49,244 - hne.spots_qc - INFO - Saved 1 tumor tiles for patient CH_L_282
2026-05-08 21:12:49,248 - hne.spots_qc - INFO - Saved 2 tumor tiles for patient CH_L_282
2026-05-08 21:12:49,250 - hne.spots_qc - INFO - Saved 3 tumor tiles for patient CH_L_282
2026-05-08 21:12:49,254 - hne.spots_qc - INFO - Saved 4 tumor tiles for patient CH_L_282
2026-05-08 21:12:49,258 - hne.spots_qc - INFO - Saved 5 tumor tiles for patient CH_L_282
2026-05-08 21:12:49,266 - hne.spots_qc - INFO - Saved 6 tumor tiles for patient CH_L_282
2026-05-08 21:12:49,270 - hne.spots_qc - INFO - Saved 7 tumor tiles for patient CH_L_282
2026-05-08 21:12:49,274 - hne.spots_qc - INFO - Saved 8 tumor tiles for patient CH_L_282
2026-05-08 21:12:49,277 - hne.spots_qc - INFO - Saved 9 tumor tiles for patient CH_L_282
2026-05-08 21:12:49,282 - hne.spots_qc - INFO - Saved 10 tumor tiles for patient CH_L_282
2026-05-08 21:12:49,286 - hne.spots_qc - INFO - Saved 11 tumor tiles for patient CH_L_282
2026-05-08 21:12:49,290 - hne.spots_qc - INFO - Saved 12 tumor tiles for patient CH_L_282
2026-05-08 21:12:49,294 - hne.spots_qc - INFO - Saved 13 tumor tiles for patient CH_L_282
2026-05-08 21:12:49,298 - hne.spots_qc - INFO - Saved 14 tumor tiles for patient CH_L_282
2026-05-08 21:12:49,302 - hne.spots_qc - INFO - Saved 15 tumor tiles for patient CH_L_282
2026-05-08 21:12:49,307 - hne.spots_qc - INFO - Saved 16 tumor tiles for patient CH_L_282
2026-05-08 21:12:49,312 - hne.spots_qc - INFO - Saved 17 tumor tiles for patient CH_L_282
2026-05-08 21:12:49,314 - hne.spots_qc - INFO - Saved 18 tumor tiles for patient CH_L_282
2026-05-08 21:12:49,319 - hne.spots_qc - INFO - Saved 19 tumor tiles for patient CH_L_282
2026-05-08 21:12:49,321 - hne.spots_qc - INFO - Genes kept per signature:
2026-05-08 21:12:49,321 - hne.spots_qc - INFO - FMRP_signature: 50/50 genes
2026-05-08 21:12:49,321 - hne.spots_qc - INFO - Cell_cycle_signature: 19/20 genes
2026-05-08 21:12:49,322 - hne.spots_qc - INFO - YAP_signature: 6/6 genes
2026-05-08 21:12:49,322 - hne.spots_qc - INFO - WNT_signature: 16/17 genes
2026-05-08 21:12:49,322 - hne.spots_qc - INFO - EMT_signature: 6/6 genes
2026-05-08 21:12:50,695 - hne.spots_qc - INFO - Saved variation plot to /home/hany/projects/hne/HNE_repo/qc_reports/preprocessing_qc/single_patient/signature_variation_CH_L_282.png
2026-05-08 21:12:51,989 - hne.spots_qc - INFO - Saved signature distribution plot to /home/hany/projects/hne/HNE_repo/qc_reports/preprocessing_qc/single_patient/signature_distribution_CH_L_282.png
2026-05-08 21:12:52,764 - hne.spots_qc - INFO - Saved sparsity plot to /home/hany/projects/hne/HNE_repo/qc_reports/preprocessing_qc/single_patient/signature_sparsity_CH_L_282.png
2026-05-08 21:12:54,685 - hne.spots_qc - INFO - Saved signature correlation plot to /home/hany/projects/hne/HNE_repo/qc_reports/preprocessing_qc/single_patient/signature_correlation_CH_L_282.png
2026-05-08 21:12:54,685 - hne.spots_qc - INFO - Completed preprocessing for CH_L_282.
2026-05-08 21:29:57,695 - hne.spots_qc - INFO - Starting preprocessing patient: CH_L_282
2026-05-08 21:29:58,937 - hne.spots_qc - INFO - Patient CH_L_282 has 4114 tissue spots,0 spots with missing tumor fraction
2026-05-08 21:29:58,941 - hne.spots_qc - INFO - Created 42 initial tiles
2026-05-08 21:29:58,941 - hne.spots_qc - WARNING - Very few initial tiles created: 42
2026-05-08 21:29:58,947 - hne.spots_qc - INFO - Bayesian tile purtiy computed (k=2): mean=0.348
2026-05-08 21:29:58,961 - hne.spots_qc - INFO - Filtered from 42 to 19 tumor tiles
2026-05-08 21:29:58,962 - hne.spots_qc - INFO - [CH_L_282] tumor_filter: Found 19 tumor tiles
2026-05-08 21:29:59,031 - hne.spots_qc - INFO - Saved 1 tumor tiles for patient CH_L_282
2026-05-08 21:29:59,034 - hne.spots_qc - INFO - Saved 2 tumor tiles for patient CH_L_282
2026-05-08 21:29:59,035 - hne.spots_qc - INFO - Saved 3 tumor tiles for patient CH_L_282
2026-05-08 21:29:59,037 - hne.spots_qc - INFO - Saved 4 tumor tiles for patient CH_L_282
2026-05-08 21:29:59,039 - hne.spots_qc - INFO - Saved 5 tumor tiles for patient CH_L_282
2026-05-08 21:29:59,042 - hne.spots_qc - INFO - Saved 6 tumor tiles for patient CH_L_282
2026-05-08 21:29:59,044 - hne.spots_qc - INFO - Saved 7 tumor tiles for patient CH_L_282
2026-05-08 21:29:59,047 - hne.spots_qc - INFO - Saved 8 tumor tiles for patient CH_L_282
2026-05-08 21:29:59,050 - hne.spots_qc - INFO - Saved 9 tumor tiles for patient CH_L_282
2026-05-08 21:29:59,053 - hne.spots_qc - INFO - Saved 10 tumor tiles for patient CH_L_282
2026-05-08 21:29:59,056 - hne.spots_qc - INFO - Saved 11 tumor tiles for patient CH_L_282
2026-05-08 21:29:59,059 - hne.spots_qc - INFO - Saved 12 tumor tiles for patient CH_L_282
2026-05-08 21:29:59,061 - hne.spots_qc - INFO - Saved 13 tumor tiles for patient CH_L_282
2026-05-08 21:29:59,065 - hne.spots_qc - INFO - Saved 14 tumor tiles for patient CH_L_282
2026-05-08 21:29:59,068 - hne.spots_qc - INFO - Saved 15 tumor tiles for patient CH_L_282
2026-05-08 21:29:59,071 - hne.spots_qc - INFO - Saved 16 tumor tiles for patient CH_L_282
2026-05-08 21:29:59,074 - hne.spots_qc - INFO - Saved 17 tumor tiles for patient CH_L_282
2026-05-08 21:29:59,076 - hne.spots_qc - INFO - Saved 18 tumor tiles for patient CH_L_282
2026-05-08 21:29:59,078 - hne.spots_qc - INFO - Saved 19 tumor tiles for patient CH_L_282
2026-05-08 21:29:59,080 - hne.spots_qc - INFO - Genes kept per signature:
2026-05-08 21:29:59,081 - hne.spots_qc - INFO - FMRP_signature: 50/50 genes
2026-05-08 21:29:59,081 - hne.spots_qc - INFO - Cell_cycle_signature: 19/20 genes
2026-05-08 21:29:59,081 - hne.spots_qc - INFO - YAP_signature: 6/6 genes
2026-05-08 21:29:59,081 - hne.spots_qc - INFO - WNT_signature: 16/17 genes
2026-05-08 21:29:59,081 - hne.spots_qc - INFO - EMT_signature: 6/6 genes
2026-05-08 21:30:00,335 - hne.spots_qc - INFO - Saved variation plot to /home/hany/projects/hne/HNE_repo/qc_reports/preprocessing_qc/single_patient/signature_variation_CH_L_282.png
2026-05-08 21:30:01,539 - hne.spots_qc - INFO - Saved signature distribution plot to /home/hany/projects/hne/HNE_repo/qc_reports/preprocessing_qc/single_patient/signature_distribution_CH_L_282.png
2026-05-08 21:30:02,357 - hne.spots_qc - INFO - Saved sparsity plot to /home/hany/projects/hne/HNE_repo/qc_reports/preprocessing_qc/single_patient/signature_sparsity_CH_L_282.png
2026-05-08 21:30:04,300 - hne.spots_qc - INFO - Saved signature correlation plot to /home/hany/projects/hne/HNE_repo/qc_reports/preprocessing_qc/single_patient/signature_correlation_CH_L_282.png
2026-05-08 21:30:04,300 - hne.spots_qc - INFO - Completed preprocessing for CH_L_282.
2026-05-08 21:30:04,310 - hne.spots_qc - INFO - QC summary saved to /home/hany/projects/hne/HNE_repo/qc_reports/preprocessing_qc/single_patient/qc_summary.csv
